<?xml version="1.0" encoding="UTF-8"?>
<testng-results skipped="0" failed="0" total="1" passed="1">
  <reporter-output>
  </reporter-output>
  <suite name="Default suite" duration-ms="37" started-at="2016-09-06T10:26:56Z" finished-at="2016-09-06T10:26:56Z">
    <groups>
    </groups>
    <test name="Default test" duration-ms="37" started-at="2016-09-06T10:26:56Z" finished-at="2016-09-06T10:26:56Z">
      <class name="cn.heweiming.webjars.learn.algorithm.SelectionSortDemo01">
        <test-method status="PASS" signature="test01()[pri:0, instance:cn.heweiming.webjars.learn.algorithm.SelectionSortDemo01@39614c6]" name="test01" duration-ms="14" started-at="2016-09-06T18:26:56Z" finished-at="2016-09-06T18:26:56Z">
          <reporter-output>
          </reporter-output>
        </test-method> <!-- test01 -->
      </class> <!-- cn.heweiming.webjars.learn.algorithm.SelectionSortDemo01 -->
    </test> <!-- Default test -->
  </suite> <!-- Default suite -->
</testng-results>
