<?xml version="1.0" encoding="UTF-8"?>
<testng-results skipped="0" failed="0" total="1" passed="1">
  <reporter-output>
  </reporter-output>
  <suite name="Default suite" duration-ms="123" started-at="2016-08-16T12:49:10Z" finished-at="2016-08-16T12:49:10Z">
    <groups>
    </groups>
    <test name="Default test" duration-ms="123" started-at="2016-08-16T12:49:10Z" finished-at="2016-08-16T12:49:10Z">
      <class name="cn.heweiming.cncrypt.test.RSATester">
        <test-method status="PASS" signature="test02()[pri:0, instance:cn.heweiming.cncrypt.test.RSATester@4682d51f]" name="test02" duration-ms="102" started-at="2016-08-16T20:49:10Z" finished-at="2016-08-16T20:49:10Z">
          <reporter-output>
          </reporter-output>
        </test-method> <!-- test02 -->
      </class> <!-- cn.heweiming.cncrypt.test.RSATester -->
    </test> <!-- Default test -->
  </suite> <!-- Default suite -->
</testng-results>
